Release 14.7 - xst P.20131013 (lin64)
Copyright (c) 1995-2013 Xilinx, Inc.  All rights reserved.
--> 
Parameter TMPDIR set to xst/projnav.tmp


Total REAL time to Xst completion: 0.00 secs
Total CPU time to Xst completion: 0.01 secs
 
--> 
Parameter xsthdpdir set to xst


Total REAL time to Xst completion: 0.00 secs
Total CPU time to Xst completion: 0.01 secs
 
--> 
Reading design: Reloj24.prj

TABLE OF CONTENTS
  1) Synthesis Options Summary
  2) HDL Compilation
  3) Design Hierarchy Analysis
  4) HDL Analysis
  5) HDL Synthesis
     5.1) HDL Synthesis Report
  6) Advanced HDL Synthesis
     6.1) Advanced HDL Synthesis Report
  7) Low Level Synthesis
  8) Partition Report
  9) Final Report
	9.1) Device utilization summary
	9.2) Partition Resource Summary
	9.3) TIMING REPORT


=========================================================================
*                      Synthesis Options Summary                        *
=========================================================================
---- Source Parameters
Input File Name                    : "Reloj24.prj"
Input Format                       : mixed
Ignore Synthesis Constraint File   : NO

---- Target Parameters
Output File Name                   : "Reloj24"
Output Format                      : NGC
Target Device                      : xc3s100e-5-cp132

---- Source Options
Top Module Name                    : Reloj24
Automatic FSM Extraction           : YES
FSM Encoding Algorithm             : Auto
Safe Implementation                : No
FSM Style                          : LUT
RAM Extraction                     : Yes
RAM Style                          : Auto
ROM Extraction                     : Yes
Mux Style                          : Auto
Decoder Extraction                 : YES
Priority Encoder Extraction        : Yes
Shift Register Extraction          : YES
Logical Shifter Extraction         : YES
XOR Collapsing                     : YES
ROM Style                          : Auto
Mux Extraction                     : Yes
Resource Sharing                   : YES
Asynchronous To Synchronous        : NO
Multiplier Style                   : Auto
Automatic Register Balancing       : No

---- Target Options
Add IO Buffers                     : YES
Global Maximum Fanout              : 100000
Add Generic Clock Buffer(BUFG)     : 24
Register Duplication               : YES
Slice Packing                      : YES
Optimize Instantiated Primitives   : NO
Use Clock Enable                   : Yes
Use Synchronous Set                : Yes
Use Synchronous Reset              : Yes
Pack IO Registers into IOBs        : Auto
Equivalent register Removal        : YES

---- General Options
Optimization Goal                  : Speed
Optimization Effort                : 1
Keep Hierarchy                     : No
Netlist Hierarchy                  : As_Optimized
RTL Output                         : Yes
Global Optimization                : AllClockNets
Read Cores                         : YES
Write Timing Constraints           : NO
Cross Clock Analysis               : NO
Hierarchy Separator                : /
Bus Delimiter                      : <>
Case Specifier                     : Maintain
Slice Utilization Ratio            : 100
BRAM Utilization Ratio             : 100
Verilog 2001                       : YES
Auto BRAM Packing                  : NO
Slice Utilization Ratio Delta      : 5

=========================================================================


=========================================================================
*                          HDL Compilation                              *
=========================================================================
Compiling vhdl file "/home/ise/Reloj24Hrs/funPackage.vhd" in Library work.
Architecture funpackage of Entity funpackage is up to date.
Compiling vhdl file "/home/ise/Reloj24Hrs/compPackage.vhd" in Library work.
Architecture comppackage of Entity comppackage is up to date.
Compiling vhdl file "/home/ise/libreriaVHDL/contGen.vhd" in Library work.
Architecture behavioral of Entity contgen is up to date.
Compiling vhdl file "/home/ise/Reloj24Hrs/Reloj24.vhd" in Library work.
Entity <reloj24> compiled.
Entity <reloj24> (Architecture <behavioral>) compiled.

=========================================================================
*                     Design Hierarchy Analysis                         *
=========================================================================
Analyzing hierarchy for entity <Reloj24> in library <work> (architecture <behavioral>).

Analyzing hierarchy for entity <ContGen> in library <work> (architecture <behavioral>) with generics.
	cuentaFinal = 9

Analyzing hierarchy for entity <ContGen> in library <work> (architecture <behavioral>) with generics.
	cuentaFinal = 2

Analyzing hierarchy for entity <ContGen> in library <work> (architecture <behavioral>) with generics.
	cuentaFinal = 5


=========================================================================
*                            HDL Analysis                               *
=========================================================================
Analyzing Entity <Reloj24> in library <work> (Architecture <behavioral>).
WARNING:Xst:753 - "/home/ise/Reloj24Hrs/Reloj24.vhd" line 47: Unconnected output port 'CEO' of component 'ContGen'.
Entity <Reloj24> analyzed. Unit <Reloj24> generated.

Analyzing generic Entity <ContGen.1> in library <work> (Architecture <behavioral>).
	cuentaFinal = 9
Entity <ContGen.1> analyzed. Unit <ContGen.1> generated.

Analyzing generic Entity <ContGen.2> in library <work> (Architecture <behavioral>).
	cuentaFinal = 2
Entity <ContGen.2> analyzed. Unit <ContGen.2> generated.

Analyzing generic Entity <ContGen.3> in library <work> (Architecture <behavioral>).
	cuentaFinal = 5
Entity <ContGen.3> analyzed. Unit <ContGen.3> generated.


=========================================================================
*                           HDL Synthesis                               *
=========================================================================

Performing bidirectional port resolution...

Synthesizing Unit <ContGen_1>.
    Related source file is "/home/ise/libreriaVHDL/contGen.vhd".
    Found 4-bit up counter for signal <countaux>.
    Summary:
	inferred   1 Counter(s).
Unit <ContGen_1> synthesized.


Synthesizing Unit <ContGen_2>.
    Related source file is "/home/ise/libreriaVHDL/contGen.vhd".
    Found 2-bit up counter for signal <countaux>.
    Summary:
	inferred   1 Counter(s).
Unit <ContGen_2> synthesized.


Synthesizing Unit <ContGen_3>.
    Related source file is "/home/ise/libreriaVHDL/contGen.vhd".
    Found 3-bit up counter for signal <countaux>.
    Summary:
	inferred   1 Counter(s).
Unit <ContGen_3> synthesized.


Synthesizing Unit <Reloj24>.
    Related source file is "/home/ise/Reloj24Hrs/Reloj24.vhd".
Unit <Reloj24> synthesized.


=========================================================================
HDL Synthesis Report

Macro Statistics
# Counters                                             : 4
 2-bit up counter                                      : 1
 3-bit up counter                                      : 1
 4-bit up counter                                      : 2

=========================================================================

=========================================================================
*                       Advanced HDL Synthesis                          *
=========================================================================


=========================================================================
Advanced HDL Synthesis Report

Macro Statistics
# Counters                                             : 4
 2-bit up counter                                      : 1
 3-bit up counter                                      : 1
 4-bit up counter                                      : 2

=========================================================================

=========================================================================
*                         Low Level Synthesis                           *
=========================================================================
WARNING:Xst:1989 - Unit <Reloj24>: instances <cont_uni_hr>, <cont_uni_min> of unit <ContGen_1> are equivalent, second instance is removed

Optimizing unit <Reloj24> ...

Mapping all equations...
Building and optimizing final netlist ...
Found area constraint ratio of 100 (+ 5) on block Reloj24, actual ratio is 0.

Final Macro Processing ...

=========================================================================
Final Register Report

Macro Statistics
# Registers                                            : 9
 Flip-Flops                                            : 9

=========================================================================

=========================================================================
*                           Partition Report                            *
=========================================================================

Partition Implementation Status
-------------------------------

  No Partitions were found in this design.

-------------------------------

=========================================================================
*                            Final Report                               *
=========================================================================
Final Results
RTL Top Level Output File Name     : Reloj24.ngr
Top Level Output File Name         : Reloj24
Output Format                      : NGC
Optimization Goal                  : Speed
Keep Hierarchy                     : No

Design Statistics
# IOs                              : 15

Cell Usage :
# BELS                             : 13
#      INV                         : 3
#      LUT2                        : 3
#      LUT3                        : 3
#      LUT4                        : 3
#      VCC                         : 1
# FlipFlops/Latches                : 9
#      FDRE                        : 9
# Clock Buffers                    : 1
#      BUFGP                       : 1
# IO Buffers                       : 14
#      OBUF                        : 14
=========================================================================

Device utilization summary:
---------------------------

Selected Device : 3s100ecp132-5 

 Number of Slices:                        6  out of    960     0%  
 Number of Slice Flip Flops:              9  out of   1920     0%  
 Number of 4 input LUTs:                 12  out of   1920     0%  
 Number of IOs:                          15
 Number of bonded IOBs:                  15  out of     83    18%  
 Number of GCLKs:                         1  out of     24     4%  

---------------------------
Partition Resource Summary:
---------------------------

  No Partitions were found in this design.

---------------------------


=========================================================================
TIMING REPORT

NOTE: THESE TIMING NUMBERS ARE ONLY A SYNTHESIS ESTIMATE.
      FOR ACCURATE TIMING INFORMATION PLEASE REFER TO THE TRACE REPORT
      GENERATED AFTER PLACE-and-ROUTE.

Clock Information:
------------------
-----------------------------------+------------------------+-------+
Clock Signal                       | Clock buffer(FF name)  | Load  |
-----------------------------------+------------------------+-------+
clk                                | BUFGP                  | 9     |
-----------------------------------+------------------------+-------+

Asynchronous Control Signals Information:
----------------------------------------
No asynchronous control signals found in this design

Timing Summary:
---------------
Speed Grade: -5

   Minimum period: 4.458ns (Maximum Frequency: 224.298MHz)
   Minimum input arrival time before clock: No path found
   Maximum output required time after clock: 6.832ns
   Maximum combinational path delay: No path found

Timing Detail:
--------------
All values displayed in nanoseconds (ns)

=========================================================================
Timing constraint: Default period analysis for Clock 'clk'
  Clock period: 4.458ns (frequency: 224.298MHz)
  Total number of paths / destination ports: 88 / 23
-------------------------------------------------------------------------
Delay:               4.458ns (Levels of Logic = 2)
  Source:            cont_uni_hr/countaux_3 (FF)
  Destination:       cont_dec_hr/countaux_0 (FF)
  Source Clock:      clk rising
  Destination Clock: clk rising

  Data Path: cont_uni_hr/countaux_3 to cont_dec_hr/countaux_0
                                Gate     Net
    Cell:in->out      fanout   Delay   Delay  Logical Name (Net Name)
    ----------------------------------------  ------------
     FDRE:C->Q             4   0.514   0.651  cont_uni_hr/countaux_3 (cont_uni_hr/countaux_3)
     LUT4:I0->O           11   0.612   0.823  cont_uni_hr/TC_cmp_eq00001 (CEO_uni_hr)
     LUT3:I2->O            3   0.612   0.451  cont_dec_hr/countaux_and00001 (CEO_OBUF)
     FDRE:R                    0.795          cont_dec_hr/countaux_0
    ----------------------------------------
    Total                      4.458ns (2.533ns logic, 1.925ns route)
                                       (56.8% logic, 43.2% route)

=========================================================================
Timing constraint: Default OFFSET OUT AFTER for Clock 'clk'
  Total number of paths / destination ports: 19 / 14
-------------------------------------------------------------------------
Offset:              6.832ns (Levels of Logic = 3)
  Source:            cont_uni_hr/countaux_3 (FF)
  Destination:       CEO (PAD)
  Source Clock:      clk rising

  Data Path: cont_uni_hr/countaux_3 to CEO
                                Gate     Net
    Cell:in->out      fanout   Delay   Delay  Logical Name (Net Name)
    ----------------------------------------  ------------
     FDRE:C->Q             4   0.514   0.651  cont_uni_hr/countaux_3 (cont_uni_hr/countaux_3)
     LUT4:I0->O           11   0.612   0.823  cont_uni_hr/TC_cmp_eq00001 (CEO_uni_hr)
     LUT3:I2->O            3   0.612   0.451  cont_dec_hr/countaux_and00001 (CEO_OBUF)
     OBUF:I->O                 3.169          CEO_OBUF (CEO)
    ----------------------------------------
    Total                      6.832ns (4.907ns logic, 1.925ns route)
                                       (71.8% logic, 28.2% route)

=========================================================================


Total REAL time to Xst completion: 4.00 secs
Total CPU time to Xst completion: 0.90 secs
 
--> 


Total memory usage is 608580 kilobytes

Number of errors   :    0 (   0 filtered)
Number of warnings :    2 (   0 filtered)
Number of infos    :    0 (   0 filtered)

